#-----------------------------------------------------------
# Vivado v2016.2 (64-bit)
# SW Build 1577090 on Thu Jun  2 16:32:40 MDT 2016
# IP Build 1577682 on Fri Jun  3 12:00:54 MDT 2016
# Start of session at: Fri Jan 20 17:12:06 2017
# Process ID: 9016
# Current directory: C:/Users/Mustafa/Desktop/Xfighter
# Command line: vivado.exe -gui_launcher_event rodinguilauncherevent9320 C:\Users\Mustafa\Desktop\Xfighter\Xfighter.xpr
# Log file: C:/Users/Mustafa/Desktop/Xfighter/vivado.log
# Journal file: C:/Users/Mustafa/Desktop/Xfighter\vivado.jou
#-----------------------------------------------------------
start_gui
open_project C:/Users/Mustafa/Desktop/Xfighter/Xfighter.xpr
Scanning sources...
Finished scanning sources
INFO: [IP_Flow 19-234] Refreshing IP repositories
INFO: [IP_Flow 19-1700] Loaded user IP repository 'c:/Users/Mustafa/Desktop/WORKING_0.1/Projects/hdmi_in/repo'.
INFO: [IP_Flow 19-2313] Loaded Vivado IP repository 'C:/Xilinx/Vivado/2016.2/data/ip'.
open_project: Time (s): cpu = 00:00:27 ; elapsed = 00:00:14 . Memory (MB): peak = 924.480 ; gain = 267.910
update_compile_order -fileset sources_1
launch_sdk -workspace C:/Users/Mustafa/Desktop/Xfighter/Xfighter.sdk -hwspec C:/Users/Mustafa/Desktop/Xfighter/Xfighter.sdk/hdmi_in_wrapper.hdf
INFO: [Vivado 12-393] Launching SDK...
INFO: [Vivado 12-417] Running xsdk -workspace C:/Users/Mustafa/Desktop/Xfighter/Xfighter.sdk -hwspec C:/Users/Mustafa/Desktop/Xfighter/Xfighter.sdk/hdmi_in_wrapper.hdf
INFO: [Vivado 12-3157] SDK launch initiated. Please check console for any further messages.
exit
INFO: [Common 17-206] Exiting Vivado at Fri Jan 20 17:25:47 2017...
